[13-Apr-2024 17:11:19 UTC] PHP Fatal error:  Uncaught Error: Call to undefined function curl_init() in C:\xampp\htdocs\pokedex-main\conexiones\api\conexionApi.php:3
Stack trace:
#0 {main}
  thrown in C:\xampp\htdocs\pokedex-main\conexiones\api\conexionApi.php on line 3
[13-Apr-2024 17:14:21 UTC] PHP Fatal error:  Uncaught Error: Call to undefined function curl_init() in C:\xampp\htdocs\pokedex-main\conexiones\api\conexionApi.php:3
Stack trace:
#0 {main}
  thrown in C:\xampp\htdocs\pokedex-main\conexiones\api\conexionApi.php on line 3
[13-Apr-2024 17:14:22 UTC] PHP Fatal error:  Uncaught Error: Call to undefined function curl_init() in C:\xampp\htdocs\pokedex-main\conexiones\api\conexionApi.php:3
Stack trace:
#0 {main}
  thrown in C:\xampp\htdocs\pokedex-main\conexiones\api\conexionApi.php on line 3
[13-Apr-2024 17:14:22 UTC] PHP Fatal error:  Uncaught Error: Call to undefined function curl_init() in C:\xampp\htdocs\pokedex-main\conexiones\api\conexionApi.php:3
Stack trace:
#0 {main}
  thrown in C:\xampp\htdocs\pokedex-main\conexiones\api\conexionApi.php on line 3
[13-Apr-2024 17:14:22 UTC] PHP Fatal error:  Uncaught Error: Call to undefined function curl_init() in C:\xampp\htdocs\pokedex-main\conexiones\api\conexionApi.php:3
Stack trace:
#0 {main}
  thrown in C:\xampp\htdocs\pokedex-main\conexiones\api\conexionApi.php on line 3
[13-Apr-2024 17:14:23 UTC] PHP Fatal error:  Uncaught Error: Call to undefined function curl_init() in C:\xampp\htdocs\pokedex-main\conexiones\api\conexionApi.php:3
Stack trace:
#0 {main}
  thrown in C:\xampp\htdocs\pokedex-main\conexiones\api\conexionApi.php on line 3
[13-Apr-2024 17:14:23 UTC] PHP Fatal error:  Uncaught Error: Call to undefined function curl_init() in C:\xampp\htdocs\pokedex-main\conexiones\api\conexionApi.php:3
Stack trace:
#0 {main}
  thrown in C:\xampp\htdocs\pokedex-main\conexiones\api\conexionApi.php on line 3
[13-Apr-2024 17:14:23 UTC] PHP Fatal error:  Uncaught Error: Call to undefined function curl_init() in C:\xampp\htdocs\pokedex-main\conexiones\api\conexionApi.php:3
Stack trace:
#0 {main}
  thrown in C:\xampp\htdocs\pokedex-main\conexiones\api\conexionApi.php on line 3
[13-Apr-2024 17:14:24 UTC] PHP Fatal error:  Uncaught Error: Call to undefined function curl_init() in C:\xampp\htdocs\pokedex-main\conexiones\api\conexionApi.php:3
Stack trace:
#0 {main}
  thrown in C:\xampp\htdocs\pokedex-main\conexiones\api\conexionApi.php on line 3
[13-Apr-2024 17:14:24 UTC] PHP Fatal error:  Uncaught Error: Call to undefined function curl_init() in C:\xampp\htdocs\pokedex-main\conexiones\api\conexionApi.php:3
Stack trace:
#0 {main}
  thrown in C:\xampp\htdocs\pokedex-main\conexiones\api\conexionApi.php on line 3
[13-Apr-2024 17:14:24 UTC] PHP Fatal error:  Uncaught Error: Call to undefined function curl_init() in C:\xampp\htdocs\pokedex-main\conexiones\api\conexionApi.php:3
Stack trace:
#0 {main}
  thrown in C:\xampp\htdocs\pokedex-main\conexiones\api\conexionApi.php on line 3
[13-Apr-2024 17:14:24 UTC] PHP Fatal error:  Uncaught Error: Call to undefined function curl_init() in C:\xampp\htdocs\pokedex-main\conexiones\api\conexionApi.php:3
Stack trace:
#0 {main}
  thrown in C:\xampp\htdocs\pokedex-main\conexiones\api\conexionApi.php on line 3
[13-Apr-2024 17:14:24 UTC] PHP Fatal error:  Uncaught Error: Call to undefined function curl_init() in C:\xampp\htdocs\pokedex-main\conexiones\api\conexionApi.php:3
Stack trace:
#0 {main}
  thrown in C:\xampp\htdocs\pokedex-main\conexiones\api\conexionApi.php on line 3
[13-Apr-2024 17:14:25 UTC] PHP Fatal error:  Uncaught Error: Call to undefined function curl_init() in C:\xampp\htdocs\pokedex-main\conexiones\api\conexionApi.php:3
Stack trace:
#0 {main}
  thrown in C:\xampp\htdocs\pokedex-main\conexiones\api\conexionApi.php on line 3
[13-Apr-2024 17:14:25 UTC] PHP Fatal error:  Uncaught Error: Call to undefined function curl_init() in C:\xampp\htdocs\pokedex-main\conexiones\api\conexionApi.php:3
Stack trace:
#0 {main}
  thrown in C:\xampp\htdocs\pokedex-main\conexiones\api\conexionApi.php on line 3
[13-Apr-2024 17:14:29 UTC] PHP Fatal error:  Uncaught Error: Call to undefined function curl_init() in C:\xampp\htdocs\pokedex-main\conexiones\api\conexionApi.php:3
Stack trace:
#0 {main}
  thrown in C:\xampp\htdocs\pokedex-main\conexiones\api\conexionApi.php on line 3
[13-Apr-2024 17:16:58 UTC] PHP Fatal error:  Uncaught Error: Call to undefined function curl_init() in C:\xampp\htdocs\pokedex-main\conexiones\api\conexionApi.php:3
Stack trace:
#0 {main}
  thrown in C:\xampp\htdocs\pokedex-main\conexiones\api\conexionApi.php on line 3
[13-Apr-2024 17:16:58 UTC] PHP Fatal error:  Uncaught Error: Call to undefined function curl_init() in C:\xampp\htdocs\pokedex-main\conexiones\api\conexionApi.php:3
Stack trace:
#0 {main}
  thrown in C:\xampp\htdocs\pokedex-main\conexiones\api\conexionApi.php on line 3
[13-Apr-2024 17:16:58 UTC] PHP Fatal error:  Uncaught Error: Call to undefined function curl_init() in C:\xampp\htdocs\pokedex-main\conexiones\api\conexionApi.php:3
Stack trace:
#0 {main}
  thrown in C:\xampp\htdocs\pokedex-main\conexiones\api\conexionApi.php on line 3
[13-Apr-2024 17:16:59 UTC] PHP Fatal error:  Uncaught Error: Call to undefined function curl_init() in C:\xampp\htdocs\pokedex-main\conexiones\api\conexionApi.php:3
Stack trace:
#0 {main}
  thrown in C:\xampp\htdocs\pokedex-main\conexiones\api\conexionApi.php on line 3
[13-Apr-2024 17:16:59 UTC] PHP Fatal error:  Uncaught Error: Call to undefined function curl_init() in C:\xampp\htdocs\pokedex-main\conexiones\api\conexionApi.php:3
Stack trace:
#0 {main}
  thrown in C:\xampp\htdocs\pokedex-main\conexiones\api\conexionApi.php on line 3
[13-Apr-2024 17:16:59 UTC] PHP Fatal error:  Uncaught Error: Call to undefined function curl_init() in C:\xampp\htdocs\pokedex-main\conexiones\api\conexionApi.php:3
Stack trace:
#0 {main}
  thrown in C:\xampp\htdocs\pokedex-main\conexiones\api\conexionApi.php on line 3
[13-Apr-2024 17:17:00 UTC] PHP Fatal error:  Uncaught Error: Call to undefined function curl_init() in C:\xampp\htdocs\pokedex-main\conexiones\api\conexionApi.php:3
Stack trace:
#0 {main}
  thrown in C:\xampp\htdocs\pokedex-main\conexiones\api\conexionApi.php on line 3
[13-Apr-2024 17:27:51 UTC] PHP Fatal error:  Uncaught Error: Call to undefined function curl_init() in C:\xampp\htdocs\pokedex-main\conexiones\api\conexionApi.php:3
Stack trace:
#0 {main}
  thrown in C:\xampp\htdocs\pokedex-main\conexiones\api\conexionApi.php on line 3
[13-Apr-2024 17:27:51 UTC] PHP Fatal error:  Uncaught Error: Call to undefined function curl_init() in C:\xampp\htdocs\pokedex-main\conexiones\api\conexionApi.php:3
Stack trace:
#0 {main}
  thrown in C:\xampp\htdocs\pokedex-main\conexiones\api\conexionApi.php on line 3
[13-Apr-2024 17:27:51 UTC] PHP Fatal error:  Uncaught Error: Call to undefined function curl_init() in C:\xampp\htdocs\pokedex-main\conexiones\api\conexionApi.php:3
Stack trace:
#0 {main}
  thrown in C:\xampp\htdocs\pokedex-main\conexiones\api\conexionApi.php on line 3
[13-Apr-2024 17:27:51 UTC] PHP Fatal error:  Uncaught Error: Call to undefined function curl_init() in C:\xampp\htdocs\pokedex-main\conexiones\api\conexionApi.php:3
Stack trace:
#0 {main}
  thrown in C:\xampp\htdocs\pokedex-main\conexiones\api\conexionApi.php on line 3
[13-Apr-2024 17:27:52 UTC] PHP Fatal error:  Uncaught Error: Call to undefined function curl_init() in C:\xampp\htdocs\pokedex-main\conexiones\api\conexionApi.php:3
Stack trace:
#0 {main}
  thrown in C:\xampp\htdocs\pokedex-main\conexiones\api\conexionApi.php on line 3
[13-Apr-2024 17:27:52 UTC] PHP Fatal error:  Uncaught Error: Call to undefined function curl_init() in C:\xampp\htdocs\pokedex-main\conexiones\api\conexionApi.php:3
Stack trace:
#0 {main}
  thrown in C:\xampp\htdocs\pokedex-main\conexiones\api\conexionApi.php on line 3
[13-Apr-2024 17:27:52 UTC] PHP Fatal error:  Uncaught Error: Call to undefined function curl_init() in C:\xampp\htdocs\pokedex-main\conexiones\api\conexionApi.php:3
Stack trace:
#0 {main}
  thrown in C:\xampp\htdocs\pokedex-main\conexiones\api\conexionApi.php on line 3
[13-Apr-2024 17:27:52 UTC] PHP Fatal error:  Uncaught Error: Call to undefined function curl_init() in C:\xampp\htdocs\pokedex-main\conexiones\api\conexionApi.php:3
Stack trace:
#0 {main}
  thrown in C:\xampp\htdocs\pokedex-main\conexiones\api\conexionApi.php on line 3
[13-Apr-2024 17:27:53 UTC] PHP Fatal error:  Uncaught Error: Call to undefined function curl_init() in C:\xampp\htdocs\pokedex-main\conexiones\api\conexionApi.php:3
Stack trace:
#0 {main}
  thrown in C:\xampp\htdocs\pokedex-main\conexiones\api\conexionApi.php on line 3
[13-Apr-2024 17:27:53 UTC] PHP Fatal error:  Uncaught Error: Call to undefined function curl_init() in C:\xampp\htdocs\pokedex-main\conexiones\api\conexionApi.php:3
Stack trace:
#0 {main}
  thrown in C:\xampp\htdocs\pokedex-main\conexiones\api\conexionApi.php on line 3
[13-Apr-2024 17:27:54 UTC] PHP Fatal error:  Uncaught Error: Call to undefined function curl_init() in C:\xampp\htdocs\pokedex-main\conexiones\api\conexionApi.php:3
Stack trace:
#0 {main}
  thrown in C:\xampp\htdocs\pokedex-main\conexiones\api\conexionApi.php on line 3
[13-Apr-2024 17:27:54 UTC] PHP Fatal error:  Uncaught Error: Call to undefined function curl_init() in C:\xampp\htdocs\pokedex-main\conexiones\api\conexionApi.php:3
Stack trace:
#0 {main}
  thrown in C:\xampp\htdocs\pokedex-main\conexiones\api\conexionApi.php on line 3
[13-Apr-2024 17:27:54 UTC] PHP Fatal error:  Uncaught Error: Call to undefined function curl_init() in C:\xampp\htdocs\pokedex-main\conexiones\api\conexionApi.php:3
Stack trace:
#0 {main}
  thrown in C:\xampp\htdocs\pokedex-main\conexiones\api\conexionApi.php on line 3
[13-Apr-2024 17:27:55 UTC] PHP Fatal error:  Uncaught Error: Call to undefined function curl_init() in C:\xampp\htdocs\pokedex-main\conexiones\api\conexionApi.php:3
Stack trace:
#0 {main}
  thrown in C:\xampp\htdocs\pokedex-main\conexiones\api\conexionApi.php on line 3
[13-Apr-2024 17:27:55 UTC] PHP Fatal error:  Uncaught Error: Call to undefined function curl_init() in C:\xampp\htdocs\pokedex-main\conexiones\api\conexionApi.php:3
Stack trace:
#0 {main}
  thrown in C:\xampp\htdocs\pokedex-main\conexiones\api\conexionApi.php on line 3
[13-Apr-2024 17:28:05 UTC] PHP Fatal error:  Uncaught Error: Call to undefined function curl_setopt() in C:\xampp\htdocs\pokedex-main\conexiones\api\conexionApi.php:3
Stack trace:
#0 {main}
  thrown in C:\xampp\htdocs\pokedex-main\conexiones\api\conexionApi.php on line 3
[13-Apr-2024 17:28:06 UTC] PHP Fatal error:  Uncaught Error: Call to undefined function curl_setopt() in C:\xampp\htdocs\pokedex-main\conexiones\api\conexionApi.php:3
Stack trace:
#0 {main}
  thrown in C:\xampp\htdocs\pokedex-main\conexiones\api\conexionApi.php on line 3
[13-Apr-2024 17:28:06 UTC] PHP Fatal error:  Uncaught Error: Call to undefined function curl_setopt() in C:\xampp\htdocs\pokedex-main\conexiones\api\conexionApi.php:3
Stack trace:
#0 {main}
  thrown in C:\xampp\htdocs\pokedex-main\conexiones\api\conexionApi.php on line 3
[13-Apr-2024 17:28:07 UTC] PHP Fatal error:  Uncaught Error: Call to undefined function curl_setopt() in C:\xampp\htdocs\pokedex-main\conexiones\api\conexionApi.php:3
Stack trace:
#0 {main}
  thrown in C:\xampp\htdocs\pokedex-main\conexiones\api\conexionApi.php on line 3
[13-Apr-2024 17:28:07 UTC] PHP Fatal error:  Uncaught Error: Call to undefined function curl_setopt() in C:\xampp\htdocs\pokedex-main\conexiones\api\conexionApi.php:3
Stack trace:
#0 {main}
  thrown in C:\xampp\htdocs\pokedex-main\conexiones\api\conexionApi.php on line 3
[13-Apr-2024 17:28:07 UTC] PHP Fatal error:  Uncaught Error: Call to undefined function curl_setopt() in C:\xampp\htdocs\pokedex-main\conexiones\api\conexionApi.php:3
Stack trace:
#0 {main}
  thrown in C:\xampp\htdocs\pokedex-main\conexiones\api\conexionApi.php on line 3
[13-Apr-2024 17:36:49 UTC] PHP Fatal error:  Uncaught Error: Call to undefined function curl_setopt() in C:\xampp\htdocs\pokedex-main\conexiones\api\conexionApi.php:3
Stack trace:
#0 {main}
  thrown in C:\xampp\htdocs\pokedex-main\conexiones\api\conexionApi.php on line 3
[13-Apr-2024 17:36:50 UTC] PHP Fatal error:  Uncaught Error: Call to undefined function curl_setopt() in C:\xampp\htdocs\pokedex-main\conexiones\api\conexionApi.php:3
Stack trace:
#0 {main}
  thrown in C:\xampp\htdocs\pokedex-main\conexiones\api\conexionApi.php on line 3
[13-Apr-2024 17:36:50 UTC] PHP Fatal error:  Uncaught Error: Call to undefined function curl_setopt() in C:\xampp\htdocs\pokedex-main\conexiones\api\conexionApi.php:3
Stack trace:
#0 {main}
  thrown in C:\xampp\htdocs\pokedex-main\conexiones\api\conexionApi.php on line 3
[13-Apr-2024 17:36:50 UTC] PHP Fatal error:  Uncaught Error: Call to undefined function curl_setopt() in C:\xampp\htdocs\pokedex-main\conexiones\api\conexionApi.php:3
Stack trace:
#0 {main}
  thrown in C:\xampp\htdocs\pokedex-main\conexiones\api\conexionApi.php on line 3
[13-Apr-2024 17:36:50 UTC] PHP Fatal error:  Uncaught Error: Call to undefined function curl_setopt() in C:\xampp\htdocs\pokedex-main\conexiones\api\conexionApi.php:3
Stack trace:
#0 {main}
  thrown in C:\xampp\htdocs\pokedex-main\conexiones\api\conexionApi.php on line 3
[13-Apr-2024 17:36:51 UTC] PHP Fatal error:  Uncaught Error: Call to undefined function curl_setopt() in C:\xampp\htdocs\pokedex-main\conexiones\api\conexionApi.php:3
Stack trace:
#0 {main}
  thrown in C:\xampp\htdocs\pokedex-main\conexiones\api\conexionApi.php on line 3
[13-Apr-2024 17:36:51 UTC] PHP Fatal error:  Uncaught Error: Call to undefined function curl_setopt() in C:\xampp\htdocs\pokedex-main\conexiones\api\conexionApi.php:3
Stack trace:
#0 {main}
  thrown in C:\xampp\htdocs\pokedex-main\conexiones\api\conexionApi.php on line 3
[13-Apr-2024 17:36:51 UTC] PHP Fatal error:  Uncaught Error: Call to undefined function curl_setopt() in C:\xampp\htdocs\pokedex-main\conexiones\api\conexionApi.php:3
Stack trace:
#0 {main}
  thrown in C:\xampp\htdocs\pokedex-main\conexiones\api\conexionApi.php on line 3
[13-Apr-2024 17:36:51 UTC] PHP Fatal error:  Uncaught Error: Call to undefined function curl_setopt() in C:\xampp\htdocs\pokedex-main\conexiones\api\conexionApi.php:3
Stack trace:
#0 {main}
  thrown in C:\xampp\htdocs\pokedex-main\conexiones\api\conexionApi.php on line 3
[13-Apr-2024 17:36:51 UTC] PHP Fatal error:  Uncaught Error: Call to undefined function curl_setopt() in C:\xampp\htdocs\pokedex-main\conexiones\api\conexionApi.php:3
Stack trace:
#0 {main}
  thrown in C:\xampp\htdocs\pokedex-main\conexiones\api\conexionApi.php on line 3
[13-Apr-2024 17:36:52 UTC] PHP Fatal error:  Uncaught Error: Call to undefined function curl_setopt() in C:\xampp\htdocs\pokedex-main\conexiones\api\conexionApi.php:3
Stack trace:
#0 {main}
  thrown in C:\xampp\htdocs\pokedex-main\conexiones\api\conexionApi.php on line 3
[13-Apr-2024 17:37:13 UTC] PHP Fatal error:  Uncaught Error: Call to undefined function curl_setopt() in C:\xampp\htdocs\pokedex-main\conexiones\api\conexionApi.php:3
Stack trace:
#0 {main}
  thrown in C:\xampp\htdocs\pokedex-main\conexiones\api\conexionApi.php on line 3
[13-Apr-2024 17:37:14 UTC] PHP Fatal error:  Uncaught Error: Call to undefined function curl_setopt() in C:\xampp\htdocs\pokedex-main\conexiones\api\conexionApi.php:3
Stack trace:
#0 {main}
  thrown in C:\xampp\htdocs\pokedex-main\conexiones\api\conexionApi.php on line 3
[13-Apr-2024 17:37:14 UTC] PHP Fatal error:  Uncaught Error: Call to undefined function curl_setopt() in C:\xampp\htdocs\pokedex-main\conexiones\api\conexionApi.php:3
Stack trace:
#0 {main}
  thrown in C:\xampp\htdocs\pokedex-main\conexiones\api\conexionApi.php on line 3
[13-Apr-2024 17:37:14 UTC] PHP Fatal error:  Uncaught Error: Call to undefined function curl_setopt() in C:\xampp\htdocs\pokedex-main\conexiones\api\conexionApi.php:3
Stack trace:
#0 {main}
  thrown in C:\xampp\htdocs\pokedex-main\conexiones\api\conexionApi.php on line 3
[13-Apr-2024 17:37:14 UTC] PHP Fatal error:  Uncaught Error: Call to undefined function curl_setopt() in C:\xampp\htdocs\pokedex-main\conexiones\api\conexionApi.php:3
Stack trace:
#0 {main}
  thrown in C:\xampp\htdocs\pokedex-main\conexiones\api\conexionApi.php on line 3
[13-Apr-2024 17:37:22 UTC] PHP Fatal error:  Uncaught Error: Call to undefined function curl_setopt() in C:\xampp\htdocs\pokedex-main\conexiones\api\conexionApi.php:3
Stack trace:
#0 {main}
  thrown in C:\xampp\htdocs\pokedex-main\conexiones\api\conexionApi.php on line 3
[13-Apr-2024 17:37:22 UTC] PHP Fatal error:  Uncaught Error: Call to undefined function curl_setopt() in C:\xampp\htdocs\pokedex-main\conexiones\api\conexionApi.php:3
Stack trace:
#0 {main}
  thrown in C:\xampp\htdocs\pokedex-main\conexiones\api\conexionApi.php on line 3
[13-Apr-2024 17:37:22 UTC] PHP Fatal error:  Uncaught Error: Call to undefined function curl_setopt() in C:\xampp\htdocs\pokedex-main\conexiones\api\conexionApi.php:3
Stack trace:
#0 {main}
  thrown in C:\xampp\htdocs\pokedex-main\conexiones\api\conexionApi.php on line 3
[13-Apr-2024 17:37:23 UTC] PHP Fatal error:  Uncaught Error: Call to undefined function curl_setopt() in C:\xampp\htdocs\pokedex-main\conexiones\api\conexionApi.php:3
Stack trace:
#0 {main}
  thrown in C:\xampp\htdocs\pokedex-main\conexiones\api\conexionApi.php on line 3
[13-Apr-2024 17:37:23 UTC] PHP Fatal error:  Uncaught Error: Call to undefined function curl_setopt() in C:\xampp\htdocs\pokedex-main\conexiones\api\conexionApi.php:3
Stack trace:
#0 {main}
  thrown in C:\xampp\htdocs\pokedex-main\conexiones\api\conexionApi.php on line 3
[13-Apr-2024 17:37:23 UTC] PHP Fatal error:  Uncaught Error: Call to undefined function curl_setopt() in C:\xampp\htdocs\pokedex-main\conexiones\api\conexionApi.php:3
Stack trace:
#0 {main}
  thrown in C:\xampp\htdocs\pokedex-main\conexiones\api\conexionApi.php on line 3
[13-Apr-2024 17:37:23 UTC] PHP Fatal error:  Uncaught Error: Call to undefined function curl_setopt() in C:\xampp\htdocs\pokedex-main\conexiones\api\conexionApi.php:3
Stack trace:
#0 {main}
  thrown in C:\xampp\htdocs\pokedex-main\conexiones\api\conexionApi.php on line 3
[13-Apr-2024 17:37:23 UTC] PHP Fatal error:  Uncaught Error: Call to undefined function curl_setopt() in C:\xampp\htdocs\pokedex-main\conexiones\api\conexionApi.php:3
Stack trace:
#0 {main}
  thrown in C:\xampp\htdocs\pokedex-main\conexiones\api\conexionApi.php on line 3
[13-Apr-2024 17:37:45 UTC] PHP Fatal error:  Uncaught Error: Call to undefined function curl_init() in C:\xampp\htdocs\pokedex-main\conexiones\api\conexionApi.php:3
Stack trace:
#0 {main}
  thrown in C:\xampp\htdocs\pokedex-main\conexiones\api\conexionApi.php on line 3
[13-Apr-2024 17:37:46 UTC] PHP Fatal error:  Uncaught Error: Call to undefined function curl_init() in C:\xampp\htdocs\pokedex-main\conexiones\api\conexionApi.php:3
Stack trace:
#0 {main}
  thrown in C:\xampp\htdocs\pokedex-main\conexiones\api\conexionApi.php on line 3
[13-Apr-2024 17:37:46 UTC] PHP Fatal error:  Uncaught Error: Call to undefined function curl_init() in C:\xampp\htdocs\pokedex-main\conexiones\api\conexionApi.php:3
Stack trace:
#0 {main}
  thrown in C:\xampp\htdocs\pokedex-main\conexiones\api\conexionApi.php on line 3
[13-Apr-2024 17:37:47 UTC] PHP Fatal error:  Uncaught Error: Call to undefined function curl_init() in C:\xampp\htdocs\pokedex-main\conexiones\api\conexionApi.php:3
Stack trace:
#0 {main}
  thrown in C:\xampp\htdocs\pokedex-main\conexiones\api\conexionApi.php on line 3
[13-Apr-2024 17:37:48 UTC] PHP Fatal error:  Uncaught Error: Call to undefined function curl_init() in C:\xampp\htdocs\pokedex-main\conexiones\api\conexionApi.php:3
Stack trace:
#0 {main}
  thrown in C:\xampp\htdocs\pokedex-main\conexiones\api\conexionApi.php on line 3
[13-Apr-2024 17:37:48 UTC] PHP Fatal error:  Uncaught Error: Call to undefined function curl_init() in C:\xampp\htdocs\pokedex-main\conexiones\api\conexionApi.php:3
Stack trace:
#0 {main}
  thrown in C:\xampp\htdocs\pokedex-main\conexiones\api\conexionApi.php on line 3
[13-Apr-2024 17:37:49 UTC] PHP Fatal error:  Uncaught Error: Call to undefined function curl_init() in C:\xampp\htdocs\pokedex-main\conexiones\api\conexionApi.php:3
Stack trace:
#0 {main}
  thrown in C:\xampp\htdocs\pokedex-main\conexiones\api\conexionApi.php on line 3
[13-Apr-2024 17:37:49 UTC] PHP Fatal error:  Uncaught Error: Call to undefined function curl_init() in C:\xampp\htdocs\pokedex-main\conexiones\api\conexionApi.php:3
Stack trace:
#0 {main}
  thrown in C:\xampp\htdocs\pokedex-main\conexiones\api\conexionApi.php on line 3
[13-Apr-2024 17:37:49 UTC] PHP Fatal error:  Uncaught Error: Call to undefined function curl_init() in C:\xampp\htdocs\pokedex-main\conexiones\api\conexionApi.php:3
Stack trace:
#0 {main}
  thrown in C:\xampp\htdocs\pokedex-main\conexiones\api\conexionApi.php on line 3
[13-Apr-2024 17:37:50 UTC] PHP Fatal error:  Uncaught Error: Call to undefined function curl_init() in C:\xampp\htdocs\pokedex-main\conexiones\api\conexionApi.php:3
Stack trace:
#0 {main}
  thrown in C:\xampp\htdocs\pokedex-main\conexiones\api\conexionApi.php on line 3
[13-Apr-2024 17:37:50 UTC] PHP Fatal error:  Uncaught Error: Call to undefined function curl_init() in C:\xampp\htdocs\pokedex-main\conexiones\api\conexionApi.php:3
Stack trace:
#0 {main}
  thrown in C:\xampp\htdocs\pokedex-main\conexiones\api\conexionApi.php on line 3
[13-Apr-2024 17:37:50 UTC] PHP Fatal error:  Uncaught Error: Call to undefined function curl_init() in C:\xampp\htdocs\pokedex-main\conexiones\api\conexionApi.php:3
Stack trace:
#0 {main}
  thrown in C:\xampp\htdocs\pokedex-main\conexiones\api\conexionApi.php on line 3
[13-Apr-2024 17:37:51 UTC] PHP Fatal error:  Uncaught Error: Call to undefined function curl_init() in C:\xampp\htdocs\pokedex-main\conexiones\api\conexionApi.php:3
Stack trace:
#0 {main}
  thrown in C:\xampp\htdocs\pokedex-main\conexiones\api\conexionApi.php on line 3
[13-Apr-2024 17:37:51 UTC] PHP Fatal error:  Uncaught Error: Call to undefined function curl_init() in C:\xampp\htdocs\pokedex-main\conexiones\api\conexionApi.php:3
Stack trace:
#0 {main}
  thrown in C:\xampp\htdocs\pokedex-main\conexiones\api\conexionApi.php on line 3
[13-Apr-2024 17:37:51 UTC] PHP Fatal error:  Uncaught Error: Call to undefined function curl_init() in C:\xampp\htdocs\pokedex-main\conexiones\api\conexionApi.php:3
Stack trace:
#0 {main}
  thrown in C:\xampp\htdocs\pokedex-main\conexiones\api\conexionApi.php on line 3
[13-Apr-2024 17:37:51 UTC] PHP Fatal error:  Uncaught Error: Call to undefined function curl_init() in C:\xampp\htdocs\pokedex-main\conexiones\api\conexionApi.php:3
Stack trace:
#0 {main}
  thrown in C:\xampp\htdocs\pokedex-main\conexiones\api\conexionApi.php on line 3
[13-Apr-2024 17:37:52 UTC] PHP Fatal error:  Uncaught Error: Call to undefined function curl_init() in C:\xampp\htdocs\pokedex-main\conexiones\api\conexionApi.php:3
Stack trace:
#0 {main}
  thrown in C:\xampp\htdocs\pokedex-main\conexiones\api\conexionApi.php on line 3
[13-Apr-2024 17:37:52 UTC] PHP Fatal error:  Uncaught Error: Call to undefined function curl_init() in C:\xampp\htdocs\pokedex-main\conexiones\api\conexionApi.php:3
Stack trace:
#0 {main}
  thrown in C:\xampp\htdocs\pokedex-main\conexiones\api\conexionApi.php on line 3
[13-Apr-2024 17:37:52 UTC] PHP Fatal error:  Uncaught Error: Call to undefined function curl_init() in C:\xampp\htdocs\pokedex-main\conexiones\api\conexionApi.php:3
Stack trace:
#0 {main}
  thrown in C:\xampp\htdocs\pokedex-main\conexiones\api\conexionApi.php on line 3
[13-Apr-2024 17:37:52 UTC] PHP Fatal error:  Uncaught Error: Call to undefined function curl_init() in C:\xampp\htdocs\pokedex-main\conexiones\api\conexionApi.php:3
Stack trace:
#0 {main}
  thrown in C:\xampp\htdocs\pokedex-main\conexiones\api\conexionApi.php on line 3
[13-Apr-2024 17:46:51 UTC] PHP Fatal error:  Uncaught Error: Call to undefined function curl_init() in C:\xampp\htdocs\pokedex-main\conexiones\api\conexionApi.php:3
Stack trace:
#0 {main}
  thrown in C:\xampp\htdocs\pokedex-main\conexiones\api\conexionApi.php on line 3
[13-Apr-2024 17:46:52 UTC] PHP Fatal error:  Uncaught Error: Call to undefined function curl_init() in C:\xampp\htdocs\pokedex-main\conexiones\api\conexionApi.php:3
Stack trace:
#0 {main}
  thrown in C:\xampp\htdocs\pokedex-main\conexiones\api\conexionApi.php on line 3
[13-Apr-2024 17:46:53 UTC] PHP Fatal error:  Uncaught Error: Call to undefined function curl_init() in C:\xampp\htdocs\pokedex-main\conexiones\api\conexionApi.php:3
Stack trace:
#0 {main}
  thrown in C:\xampp\htdocs\pokedex-main\conexiones\api\conexionApi.php on line 3
[13-Apr-2024 17:46:53 UTC] PHP Fatal error:  Uncaught Error: Call to undefined function curl_init() in C:\xampp\htdocs\pokedex-main\conexiones\api\conexionApi.php:3
Stack trace:
#0 {main}
  thrown in C:\xampp\htdocs\pokedex-main\conexiones\api\conexionApi.php on line 3
[13-Apr-2024 17:46:53 UTC] PHP Fatal error:  Uncaught Error: Call to undefined function curl_init() in C:\xampp\htdocs\pokedex-main\conexiones\api\conexionApi.php:3
Stack trace:
#0 {main}
  thrown in C:\xampp\htdocs\pokedex-main\conexiones\api\conexionApi.php on line 3
[13-Apr-2024 17:47:00 UTC] PHP Fatal error:  Uncaught Error: Call to undefined function curl_init() in C:\xampp\htdocs\pokedex-main\conexiones\api\conexionApi.php:3
Stack trace:
#0 {main}
  thrown in C:\xampp\htdocs\pokedex-main\conexiones\api\conexionApi.php on line 3
[13-Apr-2024 17:47:01 UTC] PHP Fatal error:  Uncaught Error: Call to undefined function curl_init() in C:\xampp\htdocs\pokedex-main\conexiones\api\conexionApi.php:3
Stack trace:
#0 {main}
  thrown in C:\xampp\htdocs\pokedex-main\conexiones\api\conexionApi.php on line 3
[13-Apr-2024 17:47:01 UTC] PHP Fatal error:  Uncaught Error: Call to undefined function curl_init() in C:\xampp\htdocs\pokedex-main\conexiones\api\conexionApi.php:3
Stack trace:
#0 {main}
  thrown in C:\xampp\htdocs\pokedex-main\conexiones\api\conexionApi.php on line 3
[13-Apr-2024 17:47:01 UTC] PHP Fatal error:  Uncaught Error: Call to undefined function curl_init() in C:\xampp\htdocs\pokedex-main\conexiones\api\conexionApi.php:3
Stack trace:
#0 {main}
  thrown in C:\xampp\htdocs\pokedex-main\conexiones\api\conexionApi.php on line 3
[13-Apr-2024 17:47:01 UTC] PHP Fatal error:  Uncaught Error: Call to undefined function curl_init() in C:\xampp\htdocs\pokedex-main\conexiones\api\conexionApi.php:3
Stack trace:
#0 {main}
  thrown in C:\xampp\htdocs\pokedex-main\conexiones\api\conexionApi.php on line 3
[13-Apr-2024 17:47:02 UTC] PHP Fatal error:  Uncaught Error: Call to undefined function curl_init() in C:\xampp\htdocs\pokedex-main\conexiones\api\conexionApi.php:3
Stack trace:
#0 {main}
  thrown in C:\xampp\htdocs\pokedex-main\conexiones\api\conexionApi.php on line 3
[13-Apr-2024 17:47:02 UTC] PHP Fatal error:  Uncaught Error: Call to undefined function curl_init() in C:\xampp\htdocs\pokedex-main\conexiones\api\conexionApi.php:3
Stack trace:
#0 {main}
  thrown in C:\xampp\htdocs\pokedex-main\conexiones\api\conexionApi.php on line 3
[13-Apr-2024 17:47:02 UTC] PHP Fatal error:  Uncaught Error: Call to undefined function curl_init() in C:\xampp\htdocs\pokedex-main\conexiones\api\conexionApi.php:3
Stack trace:
#0 {main}
  thrown in C:\xampp\htdocs\pokedex-main\conexiones\api\conexionApi.php on line 3
[13-Apr-2024 17:47:02 UTC] PHP Fatal error:  Uncaught Error: Call to undefined function curl_init() in C:\xampp\htdocs\pokedex-main\conexiones\api\conexionApi.php:3
Stack trace:
#0 {main}
  thrown in C:\xampp\htdocs\pokedex-main\conexiones\api\conexionApi.php on line 3
[13-Apr-2024 17:48:50 UTC] PHP Fatal error:  Uncaught Error: Call to undefined function curl_init() in C:\xampp\htdocs\pokedex-main\conexiones\api\conexionApi.php:3
Stack trace:
#0 {main}
  thrown in C:\xampp\htdocs\pokedex-main\conexiones\api\conexionApi.php on line 3
[13-Apr-2024 17:48:51 UTC] PHP Fatal error:  Uncaught Error: Call to undefined function curl_init() in C:\xampp\htdocs\pokedex-main\conexiones\api\conexionApi.php:3
Stack trace:
#0 {main}
  thrown in C:\xampp\htdocs\pokedex-main\conexiones\api\conexionApi.php on line 3
[13-Apr-2024 17:48:51 UTC] PHP Fatal error:  Uncaught Error: Call to undefined function curl_init() in C:\xampp\htdocs\pokedex-main\conexiones\api\conexionApi.php:3
Stack trace:
#0 {main}
  thrown in C:\xampp\htdocs\pokedex-main\conexiones\api\conexionApi.php on line 3
[13-Apr-2024 17:48:51 UTC] PHP Fatal error:  Uncaught Error: Call to undefined function curl_init() in C:\xampp\htdocs\pokedex-main\conexiones\api\conexionApi.php:3
Stack trace:
#0 {main}
  thrown in C:\xampp\htdocs\pokedex-main\conexiones\api\conexionApi.php on line 3
[13-Apr-2024 17:48:52 UTC] PHP Fatal error:  Uncaught Error: Call to undefined function curl_init() in C:\xampp\htdocs\pokedex-main\conexiones\api\conexionApi.php:3
Stack trace:
#0 {main}
  thrown in C:\xampp\htdocs\pokedex-main\conexiones\api\conexionApi.php on line 3
[13-Apr-2024 17:48:52 UTC] PHP Fatal error:  Uncaught Error: Call to undefined function curl_init() in C:\xampp\htdocs\pokedex-main\conexiones\api\conexionApi.php:3
Stack trace:
#0 {main}
  thrown in C:\xampp\htdocs\pokedex-main\conexiones\api\conexionApi.php on line 3
[13-Apr-2024 17:50:37 UTC] PHP Fatal error:  Uncaught Error: Call to undefined function curl_init() in C:\xampp\htdocs\pokedex-main\conexiones\api\conexionApi.php:3
Stack trace:
#0 {main}
  thrown in C:\xampp\htdocs\pokedex-main\conexiones\api\conexionApi.php on line 3
[13-Apr-2024 17:50:37 UTC] PHP Fatal error:  Uncaught Error: Call to undefined function curl_init() in C:\xampp\htdocs\pokedex-main\conexiones\api\conexionApi.php:3
Stack trace:
#0 {main}
  thrown in C:\xampp\htdocs\pokedex-main\conexiones\api\conexionApi.php on line 3
[13-Apr-2024 17:50:38 UTC] PHP Fatal error:  Uncaught Error: Call to undefined function curl_init() in C:\xampp\htdocs\pokedex-main\conexiones\api\conexionApi.php:3
Stack trace:
#0 {main}
  thrown in C:\xampp\htdocs\pokedex-main\conexiones\api\conexionApi.php on line 3
[13-Apr-2024 17:50:38 UTC] PHP Fatal error:  Uncaught Error: Call to undefined function curl_init() in C:\xampp\htdocs\pokedex-main\conexiones\api\conexionApi.php:3
Stack trace:
#0 {main}
  thrown in C:\xampp\htdocs\pokedex-main\conexiones\api\conexionApi.php on line 3
[13-Apr-2024 17:50:38 UTC] PHP Fatal error:  Uncaught Error: Call to undefined function curl_init() in C:\xampp\htdocs\pokedex-main\conexiones\api\conexionApi.php:3
Stack trace:
#0 {main}
  thrown in C:\xampp\htdocs\pokedex-main\conexiones\api\conexionApi.php on line 3
[13-Apr-2024 17:50:38 UTC] PHP Fatal error:  Uncaught Error: Call to undefined function curl_init() in C:\xampp\htdocs\pokedex-main\conexiones\api\conexionApi.php:3
Stack trace:
#0 {main}
  thrown in C:\xampp\htdocs\pokedex-main\conexiones\api\conexionApi.php on line 3
[13-Apr-2024 17:50:38 UTC] PHP Fatal error:  Uncaught Error: Call to undefined function curl_init() in C:\xampp\htdocs\pokedex-main\conexiones\api\conexionApi.php:3
Stack trace:
#0 {main}
  thrown in C:\xampp\htdocs\pokedex-main\conexiones\api\conexionApi.php on line 3
[13-Apr-2024 17:50:38 UTC] PHP Fatal error:  Uncaught Error: Call to undefined function curl_init() in C:\xampp\htdocs\pokedex-main\conexiones\api\conexionApi.php:3
Stack trace:
#0 {main}
  thrown in C:\xampp\htdocs\pokedex-main\conexiones\api\conexionApi.php on line 3
[13-Apr-2024 17:50:48 UTC] PHP Fatal error:  Uncaught Error: Call to undefined function curl_init() in C:\xampp\htdocs\pokedex-main\conexiones\api\conexionApi.php:3
Stack trace:
#0 {main}
  thrown in C:\xampp\htdocs\pokedex-main\conexiones\api\conexionApi.php on line 3
[13-Apr-2024 17:53:40 UTC] PHP Fatal error:  Uncaught Error: Undefined constant "pikachu" in C:\xampp\htdocs\pokedex-main\conexiones\api\conexionApi.php:2
Stack trace:
#0 {main}
  thrown in C:\xampp\htdocs\pokedex-main\conexiones\api\conexionApi.php on line 2
[13-Apr-2024 17:53:57 UTC] PHP Fatal error:  Uncaught Error: Call to undefined function curl_init() in C:\xampp\htdocs\pokedex-main\conexiones\api\conexionApi.php:3
Stack trace:
#0 {main}
  thrown in C:\xampp\htdocs\pokedex-main\conexiones\api\conexionApi.php on line 3
[13-Apr-2024 17:57:01 UTC] PHP Fatal error:  Uncaught Error: Call to undefined function curl_init() in C:\xampp\htdocs\pokedex-main\conexiones\api\conexionApi.php:3
Stack trace:
#0 {main}
  thrown in C:\xampp\htdocs\pokedex-main\conexiones\api\conexionApi.php on line 3
[13-Apr-2024 17:57:01 UTC] PHP Fatal error:  Uncaught Error: Call to undefined function curl_init() in C:\xampp\htdocs\pokedex-main\conexiones\api\conexionApi.php:3
Stack trace:
#0 {main}
  thrown in C:\xampp\htdocs\pokedex-main\conexiones\api\conexionApi.php on line 3
[13-Apr-2024 17:57:01 UTC] PHP Fatal error:  Uncaught Error: Call to undefined function curl_init() in C:\xampp\htdocs\pokedex-main\conexiones\api\conexionApi.php:3
Stack trace:
#0 {main}
  thrown in C:\xampp\htdocs\pokedex-main\conexiones\api\conexionApi.php on line 3
[13-Apr-2024 18:07:37 UTC] PHP Fatal error:  Uncaught Error: Call to undefined function curl_init() in C:\xampp\htdocs\pruebas\pokedex-main\conexiones\api\conexionApi.php:3
Stack trace:
#0 {main}
  thrown in C:\xampp\htdocs\pruebas\pokedex-main\conexiones\api\conexionApi.php on line 3
[13-Apr-2024 18:07:42 UTC] PHP Fatal error:  Uncaught Error: Call to undefined function curl_init() in C:\xampp\htdocs\pruebas\pokedex-main\conexiones\api\conexionApi.php:3
Stack trace:
#0 {main}
  thrown in C:\xampp\htdocs\pruebas\pokedex-main\conexiones\api\conexionApi.php on line 3
[13-Apr-2024 18:13:52 UTC] PHP Fatal error:  Uncaught Error: Call to undefined function curl_init() in C:\xampp\htdocs\pruebas\pokedex-main\conexiones\api\conexionApi.php:4
Stack trace:
#0 {main}
  thrown in C:\xampp\htdocs\pruebas\pokedex-main\conexiones\api\conexionApi.php on line 4
[14-Apr-2024 07:09:03 UTC] PHP Fatal error:  Uncaught Error: Call to undefined function curl_init() in C:\xampp\htdocs\pruebas\pokedex-main\conexiones\api\conexionApi.php:3
Stack trace:
#0 {main}
  thrown in C:\xampp\htdocs\pruebas\pokedex-main\conexiones\api\conexionApi.php on line 3
